This is pdfTeX, Version 3.1415926-2.3-1.40.12 (MiKTeX 2.9) (preloaded format=pdflatex 2012.5.21)  21 SEP 2012 15:58
entering extended mode
**Calendar.tex
("D:\Visual Studio Workspace\BDSA2012\OOAD\Report\Calendar.tex"
LaTeX2e <2011/06/27>
Babel <v3.8m> and hyphenation patterns for english, afrikaans, ancientgreek, ar
abic, armenian, assamese, basque, bengali, bokmal, bulgarian, catalan, coptic, 
croatian, czech, danish, dutch, esperanto, estonian, farsi, finnish, french, ga
lician, german, german-x-2009-06-19, greek, gujarati, hindi, hungarian, iceland
ic, indonesian, interlingua, irish, italian, kannada, kurmanji, lao, latin, lat
vian, lithuanian, malayalam, marathi, mongolian, mongolianlmc, monogreek, ngerm
an, ngerman-x-2009-06-19, nynorsk, oriya, panjabi, pinyin, polish, portuguese, 
romanian, russian, sanskrit, serbian, slovak, slovenian, spanish, swedish, swis
sgerman, tamil, telugu, turkish, turkmen, ukenglish, ukrainian, uppersorbian, u
senglishmax, welsh, loaded.
(D:\Programs\MiKTeX\tex\latex\base\article.cls
Document Class: article 2007/10/19 v1.4h Standard LaTeX document class
(D:\Programs\MiKTeX\tex\latex\base\size10.clo
File: size10.clo 2007/10/19 v1.4h Standard LaTeX file (size option)
)
\c@part=\count79
\c@section=\count80
\c@subsection=\count81
\c@subsubsection=\count82
\c@paragraph=\count83
\c@subparagraph=\count84
\c@figure=\count85
\c@table=\count86
\abovecaptionskip=\skip41
\belowcaptionskip=\skip42
\bibindent=\dimen102
)
(D:\Programs\MiKTeX\tex\latex\graphics\graphicx.sty
Package: graphicx 1999/02/16 v1.0f Enhanced LaTeX Graphics (DPC,SPQR)

(D:\Programs\MiKTeX\tex\latex\graphics\keyval.sty
Package: keyval 1999/03/16 v1.13 key=value parser (DPC)
\KV@toks@=\toks14
)
(D:\Programs\MiKTeX\tex\latex\graphics\graphics.sty
Package: graphics 2009/02/05 v1.0o Standard LaTeX Graphics (DPC,SPQR)

(D:\Programs\MiKTeX\tex\latex\graphics\trig.sty
Package: trig 1999/03/16 v1.09 sin cos tan (DPC)
)
(D:\Programs\MiKTeX\tex\latex\00miktex\graphics.cfg
File: graphics.cfg 2007/01/18 v1.5 graphics configuration of teTeX/TeXLive
)
Package graphics Info: Driver file: pdftex.def on input line 91.

(D:\Programs\MiKTeX\tex\latex\pdftex-def\pdftex.def
File: pdftex.def 2011/05/27 v0.06d Graphics/color for pdfTeX

(D:\Programs\MiKTeX\tex\generic\oberdiek\infwarerr.sty
Package: infwarerr 2010/04/08 v1.3 Providing info/warning/error messages (HO)
)
(D:\Programs\MiKTeX\tex\generic\oberdiek\ltxcmds.sty
Package: ltxcmds 2011/11/09 v1.22 LaTeX kernel commands for general use (HO)
)
\Gread@gobject=\count87
))
\Gin@req@height=\dimen103
\Gin@req@width=\dimen104
)
("D:\Visual Studio Workspace\BDSA2012\OOAD\Report\Calendar.aux")
LaTeX Font Info:    Checking defaults for OML/cmm/m/it on input line 6.
LaTeX Font Info:    ... okay on input line 6.
LaTeX Font Info:    Checking defaults for T1/cmr/m/n on input line 6.
LaTeX Font Info:    ... okay on input line 6.
LaTeX Font Info:    Checking defaults for OT1/cmr/m/n on input line 6.
LaTeX Font Info:    ... okay on input line 6.
LaTeX Font Info:    Checking defaults for OMS/cmsy/m/n on input line 6.
LaTeX Font Info:    ... okay on input line 6.
LaTeX Font Info:    Checking defaults for OMX/cmex/m/n on input line 6.
LaTeX Font Info:    ... okay on input line 6.
LaTeX Font Info:    Checking defaults for U/cmr/m/n on input line 6.
LaTeX Font Info:    ... okay on input line 6.

(D:\Programs\MiKTeX\tex\context\base\supp-pdf.mkii
[Loading MPS to PDF converter (version 2006.09.02).]
\scratchcounter=\count88
\scratchdimen=\dimen105
\scratchbox=\box26
\nofMPsegments=\count89
\nofMParguments=\count90
\everyMPshowfont=\toks15
\MPscratchCnt=\count91
\MPscratchDim=\dimen106
\MPnumerator=\count92
\makeMPintoPDFobject=\count93
\everyMPtoPDFconversion=\toks16
)
LaTeX Font Info:    Try loading font information for OMS+cmr on input line 14.
 (D:\Programs\MiKTeX\tex\latex\base\omscmr.fd
File: omscmr.fd 1999/05/25 v2.5h Standard LaTeX font definitions
)
LaTeX Font Info:    Font shape `OMS/cmr/m/n' in size <10> not available
(Font)              Font shape `OMS/cmsy/m/n' tried instead on input line 14.

<../Pictures/A36_Use_Case_UML_Diagram.png, id=1, 1177.5995pt x 583.781pt>
File: ../Pictures/A36_Use_Case_UML_Diagram.png Graphic file (type png)

<use ../Pictures/A36_Use_Case_UML_Diagram.png>
Package pdftex.def Info: ../Pictures/A36_Use_Case_UML_Diagram.png used on input
 line 54.
(pdftex.def)             Requested size: 345.0pt x 171.02916pt.
 [1

{C:/ProgramData/MiKTeX/2.9/pdftex/config/pdftex.map}]
<../Pictures/A38_Domain_Model.jpg, id=11, 3147.76pt x 1140.26pt>
File: ../Pictures/A38_Domain_Model.jpg Graphic file (type jpg)

<use ../Pictures/A38_Domain_Model.jpg>
Package pdftex.def Info: ../Pictures/A38_Domain_Model.jpg used on input line 75
.
(pdftex.def)             Requested size: 345.0pt x 124.95921pt.
 [2 <D:/Visual Studio Workspace/BDSA2012/OOAD/Pictures/A36_Use_Case_UML_Diagram
.png>]
<../Pictures/A38_SSD_UC1.jpg, id=16, 2882.77pt x 2021.5525pt>
File: ../Pictures/A38_SSD_UC1.jpg Graphic file (type jpg)

<use ../Pictures/A38_SSD_UC1.jpg>
Package pdftex.def Info: ../Pictures/A38_SSD_UC1.jpg used on input line 78.
(pdftex.def)             Requested size: 345.0pt x 241.92805pt.
 [3 <D:/Visual Studio Workspace/BDSA2012/OOAD/Pictures/A38_Domain_Model.jpg> <D
:/Visual Studio Workspace/BDSA2012/OOAD/Pictures/A38_SSD_UC1.jpg>]
("D:\Visual Studio Workspace\BDSA2012\OOAD\Report\Calendar.aux") ) 
Here is how much of TeX's memory you used:
 1141 strings out of 494045
 15205 string characters out of 3152011
 66867 words of memory out of 3000000
 4475 multiletter control sequences out of 15000+200000
 4553 words of font info for 17 fonts, out of 3000000 for 9000
 715 hyphenation exceptions out of 8191
 27i,4n,19p,235b,224s stack positions out of 5000i,500n,10000p,200000b,50000s
<D:/Programs/
MiKTeX/fonts/type1/public/amsfonts/cm/cmbx10.pfb><D:/Programs/MiKTeX/fonts/type
1/public/amsfonts/cm/cmbx12.pfb><D:/Programs/MiKTeX/fonts/type1/public/amsfonts
/cm/cmr10.pfb><D:/Programs/MiKTeX/fonts/type1/public/amsfonts/cm/cmsy10.pfb>
Output written on Calendar.pdf (3 pages, 8425170 bytes).
PDF statistics:
 33 PDF objects out of 1000 (max. 8388607)
 0 named destinations out of 1000 (max. 500000)
 16 words of extra memory for PDF output out of 10000 (max. 10000000)

